<?xml version="1.0" encoding="UTF-8"?>
<testsuite name="se.callista.microservises.support.ConfigServerApplicationTests" tests="1" skipped="0" failures="0" errors="0" timestamp="2019-07-01T04:02:39" hostname="macoss-MacBook-Pro-2.local" time="0.002">
  <properties/>
  <testcase name="contextLoads" classname="se.callista.microservises.support.ConfigServerApplicationTests" time="0.002"/>
  <system-out><![CDATA[11:02:33.912 [Test worker] DEBUG org.springframework.test.context.junit4.SpringJUnit4ClassRunner - SpringJUnit4ClassRunner constructor called with [class se.callista.microservises.support.ConfigServerApplicationTests]
11:02:33.917 [Test worker] DEBUG org.springframework.test.context.BootstrapUtils - Instantiating CacheAwareContextLoaderDelegate from class [org.springframework.test.context.cache.DefaultCacheAwareContextLoaderDelegate]
11:02:33.922 [Test worker] DEBUG org.springframework.test.context.BootstrapUtils - Instantiating BootstrapContext using constructor [public org.springframework.test.context.support.DefaultBootstrapContext(java.lang.Class,org.springframework.test.context.CacheAwareContextLoaderDelegate)]
11:02:33.931 [Test worker] DEBUG org.springframework.test.context.BootstrapUtils - Instantiating TestContextBootstrapper for test class [se.callista.microservises.support.ConfigServerApplicationTests] from class [org.springframework.test.context.support.DefaultTestContextBootstrapper]
11:02:33.953 [Test worker] DEBUG org.springframework.test.context.support.DefaultTestContextBootstrapper - Found explicit ContextLoader class [org.springframework.boot.test.SpringApplicationContextLoader] for context configuration attributes [ContextConfigurationAttributes@15961b98 declaringClass = 'se.callista.microservises.support.ConfigServerApplicationTests', classes = '{class se.callista.microservises.support.ConfigServerApplication}', locations = '{}', inheritLocations = true, initializers = '{}', inheritInitializers = true, name = [null], contextLoaderClass = 'org.springframework.boot.test.SpringApplicationContextLoader']
11:02:33.961 [Test worker] DEBUG org.springframework.test.context.support.AbstractContextLoader - Did not detect default resource location for test class [se.callista.microservises.support.ConfigServerApplicationTests]: class path resource [se/callista/microservises/support/ConfigServerApplicationTests-context.xml] does not exist
11:02:33.962 [Test worker] DEBUG org.springframework.test.context.support.AbstractContextLoader - Did not detect default resource location for test class [se.callista.microservises.support.ConfigServerApplicationTests]: class path resource [se/callista/microservises/support/ConfigServerApplicationTestsContext.groovy] does not exist
11:02:33.962 [Test worker] INFO org.springframework.test.context.support.AbstractContextLoader - Could not detect default resource locations for test class [se.callista.microservises.support.ConfigServerApplicationTests]: no resource found for suffixes {-context.xml, Context.groovy}.
11:02:33.964 [Test worker] DEBUG org.springframework.test.context.support.ActiveProfilesUtils - Could not find an 'annotation declaring class' for annotation type [org.springframework.test.context.ActiveProfiles] and class [se.callista.microservises.support.ConfigServerApplicationTests]
11:02:33.978 [Test worker] INFO org.springframework.test.context.support.DefaultTestContextBootstrapper - Using TestExecutionListeners: [org.springframework.boot.test.IntegrationTestPropertiesListener@1bc8fb5c, org.springframework.test.context.support.DirtiesContextBeforeModesTestExecutionListener@3ee7b6c8, org.springframework.test.context.support.DependencyInjectionTestExecutionListener@56a522ff, org.springframework.test.context.support.DirtiesContextTestExecutionListener@64edf9e9, org.springframework.test.context.transaction.TransactionalTestExecutionListener@38a3ec33, org.springframework.test.context.jdbc.SqlScriptsTestExecutionListener@3b715c19]
11:02:33.981 [Test worker] DEBUG org.springframework.test.annotation.ProfileValueUtils - Retrieved @ProfileValueSourceConfiguration [null] for test class [se.callista.microservises.support.ConfigServerApplicationTests]
11:02:33.982 [Test worker] DEBUG org.springframework.test.annotation.ProfileValueUtils - Retrieved ProfileValueSource type [class org.springframework.test.annotation.SystemProfileValueSource] for class [se.callista.microservises.support.ConfigServerApplicationTests]
11:02:33.983 [Test worker] DEBUG org.springframework.test.annotation.ProfileValueUtils - Retrieved @ProfileValueSourceConfiguration [null] for test class [se.callista.microservises.support.ConfigServerApplicationTests]
11:02:33.983 [Test worker] DEBUG org.springframework.test.annotation.ProfileValueUtils - Retrieved ProfileValueSource type [class org.springframework.test.annotation.SystemProfileValueSource] for class [se.callista.microservises.support.ConfigServerApplicationTests]
11:02:33.986 [Test worker] DEBUG org.springframework.test.context.support.AbstractDirtiesContextTestExecutionListener - Before test class: context [DefaultTestContext@2df51a12 testClass = ConfigServerApplicationTests, testInstance = [null], testMethod = [null], testException = [null], mergedContextConfiguration = [MergedContextConfiguration@d62c556 testClass = ConfigServerApplicationTests, locations = '{}', classes = '{class se.callista.microservises.support.ConfigServerApplication}', contextInitializerClasses = '[]', activeProfiles = '{}', propertySourceLocations = '{}', propertySourceProperties = '{}', contextLoader = 'org.springframework.boot.test.SpringApplicationContextLoader', parent = [null]]], class annotated with @DirtiesContext [false] with mode [null].
11:02:33.986 [Test worker] DEBUG org.springframework.test.annotation.ProfileValueUtils - Retrieved @ProfileValueSourceConfiguration [null] for test class [se.callista.microservises.support.ConfigServerApplicationTests]
11:02:33.986 [Test worker] DEBUG org.springframework.test.annotation.ProfileValueUtils - Retrieved ProfileValueSource type [class org.springframework.test.annotation.SystemProfileValueSource] for class [se.callista.microservises.support.ConfigServerApplicationTests]
11:02:33.989 [Test worker] DEBUG org.springframework.test.util.ReflectionTestUtils - Getting field 'mergedContextConfiguration' from target object [[DefaultTestContext@2df51a12 testClass = ConfigServerApplicationTests, testInstance = se.callista.microservises.support.ConfigServerApplicationTests@2d52f6e9, testMethod = [null], testException = [null], mergedContextConfiguration = [MergedContextConfiguration@d62c556 testClass = ConfigServerApplicationTests, locations = '{}', classes = '{class se.callista.microservises.support.ConfigServerApplication}', contextInitializerClasses = '[]', activeProfiles = '{}', propertySourceLocations = '{}', propertySourceProperties = '{}', contextLoader = 'org.springframework.boot.test.SpringApplicationContextLoader', parent = [null]]]] or target class [class org.springframework.test.context.support.DefaultTestContext]
11:02:33.990 [Test worker] DEBUG org.springframework.test.util.ReflectionTestUtils - Setting field 'propertySourceProperties' of type [null] on target object [[MergedContextConfiguration@d62c556 testClass = ConfigServerApplicationTests, locations = '{}', classes = '{class se.callista.microservises.support.ConfigServerApplication}', contextInitializerClasses = '[]', activeProfiles = '{}', propertySourceLocations = '{}', propertySourceProperties = '{}', contextLoader = 'org.springframework.boot.test.SpringApplicationContextLoader', parent = [null]]] or target class [class org.springframework.test.context.MergedContextConfiguration] to value [[Ljava.lang.String;@4dea1efa]
11:02:33.991 [Test worker] DEBUG org.springframework.test.context.support.DependencyInjectionTestExecutionListener - Performing dependency injection for test context [[DefaultTestContext@2df51a12 testClass = ConfigServerApplicationTests, testInstance = se.callista.microservises.support.ConfigServerApplicationTests@2d52f6e9, testMethod = [null], testException = [null], mergedContextConfiguration = [MergedContextConfiguration@d62c556 testClass = ConfigServerApplicationTests, locations = '{}', classes = '{class se.callista.microservises.support.ConfigServerApplication}', contextInitializerClasses = '[]', activeProfiles = '{}', propertySourceLocations = '{}', propertySourceProperties = '{server.port=0, spring.cloud.bus.enabled=false, spring.cloud.discovery.enabled=false, org.springframework.boot.test.IntegrationTest=true}', contextLoader = 'org.springframework.boot.test.SpringApplicationContextLoader', parent = [null]]]].
11:02:34.065 [Test worker] DEBUG org.springframework.core.env.StandardEnvironment - Adding [systemProperties] PropertySource with lowest search precedence
11:02:34.067 [Test worker] DEBUG org.springframework.core.env.StandardEnvironment - Adding [systemEnvironment] PropertySource with lowest search precedence
11:02:34.067 [Test worker] DEBUG org.springframework.core.env.StandardEnvironment - Initialized StandardEnvironment with PropertySources [systemProperties,systemEnvironment]
11:02:34.068 [Test worker] DEBUG org.springframework.core.env.StandardEnvironment - Adding [integrationTest] PropertySource with search precedence immediately lower than [systemEnvironment]
2019-07-01 11:02:34.501  INFO [config-server,,,] 8785 --- [    Test worker] s.c.a.AnnotationConfigApplicationContext : Refreshing org.springframework.context.annotation.AnnotationConfigApplicationContext@6613c768: startup date [Mon Jul 01 11:02:34 ICT 2019]; root of context hierarchy
2019-07-01 11:02:34.741  INFO [config-server,,,] 8785 --- [    Test worker] f.a.AutowiredAnnotationBeanPostProcessor : JSR-330 'javax.inject.Inject' annotation found and supported for autowiring
2019-07-01 11:02:34.808  INFO [config-server,,,] 8785 --- [    Test worker] trationDelegate$BeanPostProcessorChecker : Bean 'configurationPropertiesRebinderAutoConfiguration' of type [class org.springframework.cloud.autoconfigure.ConfigurationPropertiesRebinderAutoConfiguration$$EnhancerBySpringCGLIB$$a1f41ec3] is not eligible for getting processed by all BeanPostProcessors (for example: not eligible for auto-proxying)

  .   ____          _            __ _ _
 /\\ / ___'_ __ _ _(_)_ __  __ _ \ \ \ \
( ( )\___ | '_ | '_| | '_ \/ _` | \ \ \ \
 \\/  ___)| |_)| | | | | || (_| |  ) ) ) )
  '  |____| .__|_| |_|_| |_\__, | / / / /
 =========|_|==============|___/=/_/_/_/
 :: Spring Boot ::        (v1.3.6.RELEASE)

2019-07-01 11:02:35.185  INFO [config-server,,,] 8785 --- [    Test worker] s.c.m.s.ConfigServerApplicationTests     : No active profile set, falling back to default profiles: default
2019-07-01 11:02:35.903  WARN [config-server,,,] 8785 --- [    Test worker] o.s.c.a.ConfigurationClassPostProcessor  : Cannot enhance @Configuration bean definition 'refreshScope' since its singleton instance has been created too early. The typical cause is a non-static @Bean method with a BeanDefinitionRegistryPostProcessor return type: Consider declaring such methods as 'static'.
2019-07-01 11:02:38.666  WARN [config-server,,,] 8785 --- [    Test worker] c.n.c.sources.URLConfigurationSource     : No URLs will be polled as dynamic configuration sources.
2019-07-01 11:02:38.672  WARN [config-server,,,] 8785 --- [    Test worker] c.n.c.sources.URLConfigurationSource     : No URLs will be polled as dynamic configuration sources.
2019-07-01 11:02:39.320  INFO [config-server,,,] 8785 --- [    Test worker] s.c.m.s.ConfigServerApplicationTests     : Started ConfigServerApplicationTests in 5.25 seconds (JVM running for 6.336)
]]></system-out>
  <system-err><![CDATA[]]></system-err>
</testsuite>
